18 Apr 2014 06:13:22.AM *****  Process started  **********
18 Apr 2014 06:13:22.AM verse is: Jeremiah 49:19 “A lion coming up from the thick undergrowth along the Jordan scatters the sheep in the pastureland around it. So too I will chase the Edomites off their land. Then I will appoint over it whomever I choose. For there is no one like me, and there is no one who can call me to account. There is no ruler who can stand up against me. 
18 Apr 2014 06:13:22.AM Verse length = 346
18 Apr 2014 06:13:22.AM Tweet is 346characters and is too long!!!
18 Apr 2014 06:13:22.AM verse is: 1 Samuel 23:3 But David’s men said to him, “We are afraid while we are still here in Judah! What will it be like if we go to Keilah against the armies of the Philistines?” 
18 Apr 2014 06:13:22.AM Verse length = 172
18 Apr 2014 06:13:22.AM Tweet is 172characters and is too long!!!
18 Apr 2014 06:13:22.AM verse is: Luke 9:9 Herod said, “I had John beheaded, but who is this about whom I hear such things?” So Herod wanted to learn about #Jesus. 
18 Apr 2014 06:13:22.AM Verse length = 130
18 Apr 2014 06:13:23.AM New verse has hashTags. count = 1
18 Apr 2014 06:13:23.AM 1 out of 1are hash tagged =   100.0000%
18 Apr 2014 06:13:23.AM Next tweet to be sent in 393 seconds
18 Apr 2014 06:19:56.AM verse is: Mark 7:37 People were completely astounded and said, “He has done everything well. He even makes the deaf hear and the mute speak.” 
18 Apr 2014 06:19:56.AM Verse length = 132
18 Apr 2014 06:19:56.AM New verse does not have hashTags!!!
18 Apr 2014 06:19:56.AM 1 out of 2are hash tagged =     0.0000%
18 Apr 2014 06:19:56.AM Next tweet to be sent in 832 seconds
18 Apr 2014 06:28:44.AM *****  Process started  **********
18 Apr 2014 06:28:44.AM verse is: Proverbs 16:4 The Lord works everything for its own ends ; even the wicked for the day of disaster. 
18 Apr 2014 06:28:44.AM Verse length = 100
18 Apr 2014 06:28:44.AM New verse does not have hashTags!!!
18 Apr 2014 06:28:44.AM 1 out of 1are < 140 chars =  0.00%
18 Apr 2014 06:28:44.AM 0 out of 1are hash tagged =  0.00%
18 Apr 2014 06:28:44.AM Next tweet to be sent in 1025 seconds
